09:54:35 **** Incremental Build of configuration Debug for project prova ****
make all 
Building file: ../src/prova.c
Invoking: GCC C Compiler
gcc -O0 -g3 -Wall -c -fmessage-length=0 -MMD -MP -MF"src/prova.d" -MT"src/prova.o" -o "src/prova.o" "../src/prova.c"
Finished building: ../src/prova.c
 
Building target: prova
Invoking: GCC C Linker
gcc  -o "prova" ./src/prova.o   
Finished building target: prova
 
09:54:38 **** Incremental Build of configuration Debug for project prova ****
make all 
make: Nada a ser feito para 'all'. 
09:54:44 **** Incremental Build of configuration Debug for project prova ****
make all 
make: Nada a ser feito para 'all'. 
09:55:38 **** Incremental Build of configuration Debug for project prova ****
make all 
Building file: ../src/prova.c
Invoking: GCC C Compiler
gcc -O0 -g3 -Wall -c -fmessage-length=0 -MMD -MP -MF"src/prova.d" -MT"src/prova.o" -o "src/prova.o" "../src/prova.c"
../src/prova.c: In function ‘main’:
../src/prova.c:34:25: warning: format ‘%d’ expects argument of type ‘int *’, but argument 2 has type ‘int’ [-Wformat=]
   34 |                 scanf("%d", entrada1);
      |                        ~^   ~~~~~~~~
      |                         |   |
      |                         |   int
      |                         int *
Finished building: ../src/prova.c
 
Building target: prova
Invoking: GCC C Linker
gcc  -o "prova" ./src/prova.o   
Finished building target: prova
 
09:55:40 **** Incremental Build of configuration Debug for project prova ****
make all 
make: Nada a ser feito para 'all'. 
09:55:57 **** Incremental Build of configuration Debug for project prova ****
make all 
Building file: ../src/prova.c
Invoking: GCC C Compiler
gcc -O0 -g3 -Wall -c -fmessage-length=0 -MMD -MP -MF"src/prova.d" -MT"src/prova.o" -o "src/prova.o" "../src/prova.c"
Finished building: ../src/prova.c
 
Building target: prova
Invoking: GCC C Linker
gcc  -o "prova" ./src/prova.o   
Finished building target: prova
 
09:56:01 **** Incremental Build of configuration Debug for project prova ****
make all 
make: Nada a ser feito para 'all'. 
